"../../../Engine/Content/Animation/DefaultAnimCurveCompressionSettings.uasset" 0
"../../../Engine/Content/Functions/Engine_MaterialFunctions01/Opacity/CameraDepthFade.uasset" 1
"../../../Engine/Content/EngineMaterials/T_Default_Material_Grid_M.uasset" 2
"../../../Engine/Content/EngineMaterials/T_Default_Material_Grid_N.uasset" 3
"../../../Engine/Content/EngineMaterials/WorldGridMaterial.uasset" 4
"../../../Engine/Content/ArtTools/RenderToTexture/Meshes/S_1_Unit_Plane.uasset" 5
"../../../Engine/Content/EngineMaterials/DefaultMaterial.uasset" 6
"../../../Engine/Content/BasicShapes/Cone.uasset" 7
"../../../Engine/Content/BasicShapes/Cube.uasset" 8
"../../../Engine/Content/BasicShapes/Cylinder.uasset" 9
"../../../Engine/Content/BasicShapes/Plane.uasset" 10
"../../../Engine/Content/BasicShapes/Sphere.uasset" 11
"../../../Engine/Content/EditorLandscapeResources/DataLayer.uasset" 12
"../../../Engine/Content/EditorMaterials/MAT_Groups_Toggle.uasset" 13
"../../../Engine/Content/EditorMaterials/MAT_Groups_Visibility.uasset" 14
"../../../Engine/Content/EditorMaterials/PreviewShadowIndicator.uasset" 15
"../../../Engine/Content/EditorMaterials/PreviewShadowIndicatorMaterial.uasset" 16
"../../../Engine/Content/EditorMaterials/MatineeGroups/MAT_ColorTrack.uasset" 17
"../../../Engine/Content/EditorMaterials/MatineeGroups/MAT_Groups_Anim.uasset" 18
"../../../Engine/Content/EditorMaterials/MatineeGroups/MAT_Groups_AudioMaster.uasset" 19
"../../../Engine/Content/EditorMaterials/MatineeGroups/MAT_Groups_Director.uasset" 20
"../../../Engine/Content/EditorMaterials/MatineeGroups/MAT_Groups_Event.uasset" 21
"../../../Engine/Content/EditorMaterials/MatineeGroups/MAT_Groups_Fade.uasset" 22
"../../../Engine/Content/EditorMaterials/MatineeGroups/MAT_Groups_Float.uasset" 23
"../../../Engine/Content/EditorMaterials/MatineeGroups/MAT_Groups_Move.uasset" 24
"../../../Engine/Content/EditorMaterials/MatineeGroups/MAT_Groups_Slomo.uasset" 25
"../../../Engine/Content/EditorMaterials/MatineeGroups/MAT_Groups_Sound.uasset" 26
"../../../Engine/Content/EditorMaterials/MatineeGroups/MAT_Groups_Vector.uasset" 27
"../../../Engine/Content/EditorMaterials/ParticleSystems/PSysThumbnail_NoImage.uasset" 28
"../../../Engine/Content/EditorMaterials/ParticleSystems/PSysThumbnail_OOD.uasset" 29
"../../../Engine/Content/EditorMaterials/Camera/CineMat.uasset" 30
"../../../Engine/Content/EditorMaterials/Camera/MI_CineMat_Rig.uasset" 31
"../../../Engine/Content/EditorMeshes/Camera/SM_CraneRig_Arm.uasset" 32
"../../../Engine/Content/EditorMeshes/Camera/SM_CraneRig_Base.uasset" 33
"../../../Engine/Content/EditorMeshes/Camera/SM_CraneRig_Body.uasset" 34
"../../../Engine/Content/EditorMeshes/Camera/SM_CraneRig_Mount.uasset" 35
"../../../Engine/Content/EditorMeshes/Camera/SM_RailRig_Mount.uasset" 36
"../../../Engine/Content/EditorMeshes/Camera/SM_RailRig_Track.uasset" 37
"../../../Engine/Content/EditorResources/BSPVertex.uasset" 38
"../../../Engine/Content/EditorResources/S_Actor.uasset" 39
"../../../Engine/Content/EditorResources/S_Note.uasset" 40
"../../../Engine/Content/EditorResources/S_Solver.uasset" 41
"../../../Engine/Content/EditorResources/S_Trigger.uasset" 42
"../../../Engine/Content/EditorResources/SequenceRecorder/Countdown.uasset" 43
"../../../Engine/Content/EditorResources/SequenceRecorder/RecordingIndicator.uasset" 44
"../../../Engine/Content/EditorSounds/Notifications/CompileFailed.uasset" 45
"../../../Engine/Content/EditorSounds/Notifications/CompileFailed_Cue.uasset" 46
"../../../Engine/Content/EditorSounds/Notifications/CompileSuccess.uasset" 47
"../../../Engine/Content/EditorSounds/Notifications/CompileStart_Cue.uasset" 48
"../../../Engine/Content/EditorSounds/Notifications/CompileSuccess_Cue.uasset" 49
"../../../Engine/Content/EngineDamageTypes/DmgTypeBP_Environmental.uasset" 50
"../../../Engine/Content/EngineDebugMaterials/DebugEditorMaterial.uasset" 51
"../../../Engine/Content/EngineDebugMaterials/DebugMeshMaterial.uasset" 52
"../../../Engine/Content/EngineDebugMaterials/M_SimpleUnlitTranslucent.uasset" 53
"../../../Engine/Content/Functions/Engine_MaterialFunctions02/Utility/CameraDirectionVector.uasset" 54
"../../../Engine/Content/EngineDebugMaterials/VolumeToRender.uasset" 55
"../../../Engine/Content/EngineDebugMaterials/M_VolumeRenderSphereTracePP.uasset" 56
"../../../Engine/Content/EngineDebugMaterials/WireframeMaterial.uasset" 57
"../../../Engine/Content/EngineFonts/Faces/DroidSansFallback.uasset" 58
"../../../Engine/Content/EngineFonts/Faces/RobotoBold.uasset" 59
"../../../Engine/Content/EngineFonts/Faces/RobotoBoldItalic.uasset" 60
"../../../Engine/Content/EngineFonts/Faces/RobotoItalic.uasset" 61
"../../../Engine/Content/EngineFonts/Faces/RobotoLight.uasset" 62
"../../../Engine/Content/EngineFonts/Faces/RobotoRegular.uasset" 63
"../../../Engine/Content/EngineFonts/Roboto.uasset" 64
"../../../Engine/Content/EngineMaterials/BaseFlattenDiffuseMap.uasset" 65
"../../../Engine/Content/EngineMaterials/BaseFlattenEmissiveMap.uasset" 66
"../../../Engine/Content/EngineMaterials/BaseFlattenGrayscaleMap.uasset" 67
"../../../Engine/Content/EngineMaterials/BaseFlattenNormalMap.uasset" 68
"../../../Engine/Content/EngineMaterials/BaseFlattenMaterial.uasset" 69
"../../../Engine/Content/EngineMaterials/BlueNoise.uasset" 70
"../../../Engine/Content/EngineMaterials/DefaultBloomKernel.uasset" 71
"../../../Engine/Content/EngineMaterials/DefaultBokeh.uasset" 72
"../../../Engine/Content/EngineMaterials/DefaultDiffuse.uasset" 73
"../../../Engine/Content/EngineMaterials/DefaultDeferredDecalMaterial.uasset" 74
"../../../Engine/Content/EngineMaterials/DefaultLightFunctionMaterial.uasset" 75
"../../../Engine/Content/Functions/Engine_MaterialFunctions02/Utility/BreakOutFloat2Components.uasset" 76
"../../../Engine/Content/EngineMaterials/DefaultPostProcessMaterial.uasset" 77
"../../../Engine/Content/EngineFonts/RobotoDistanceField.uasset" 78
"../../../Engine/Content/EngineMaterials/DefaultTextMaterialOpaque.uasset" 79
"../../../Engine/Content/EngineMaterials/DefaultWhiteGrid.uasset" 80
"../../../Engine/Content/EngineMaterials/DefaultWhiteGrid_Low.uasset" 81
"../../../Engine/Content/EngineMaterials/EmissiveMeshMaterial.uasset" 82
"../../../Engine/Content/EngineMaterials/GizmoMaterial.uasset" 83
"../../../Engine/Content/EngineMaterials/Good64x64TilingNoiseHighFreq.uasset" 84
"../../../Engine/Content/EngineMaterials/MiniFont.uasset" 85
"../../../Engine/Content/EngineMaterials/InvalidLightmapSettings.uasset" 86
"../../../Engine/Content/EngineMaterials/M_InvalidLightmapSettings.uasset" 87
"../../../Engine/Content/Functions/Engine_MaterialFunctions02/WorldPositionOffset/CameraOffset.uasset" 88
"../../../Engine/Content/EngineMaterials/PhAT_JointLimitMaterial.uasset" 89
"../../../Engine/Content/EngineMaterials/PreintegratedSkinBRDF.uasset" 90
"../../../Engine/Content/EngineMaterials/RemoveSurfaceMaterial.uasset" 91
"../../../Engine/Content/EngineResources/WhiteSquareTexture.uasset" 92
"../../../Engine/Content/EngineMaterials/Widget3DPassThrough.uasset" 93
"../../../Engine/Content/EngineMaterials/Widget3DPassThrough_Masked.uasset" 94
"../../../Engine/Content/EngineMaterials/Widget3DPassThrough_Opaque.uasset" 95
"../../../Engine/Content/EngineMaterials/Widget3DPassThrough_Masked_OneSided.uasset" 96
"../../../Engine/Content/EngineMaterials/Widget3DPassThrough_Opaque_OneSided.uasset" 97
"../../../Engine/Content/EngineMaterials/Widget3DPassThrough_Translucent.uasset" 98
"../../../Engine/Content/EngineMaterials/Widget3DPassThrough_Translucent_OneSided.uasset" 99
"../../../Engine/Content/EngineMeshes/Cylinder.uasset" 100
"../../../Engine/Content/EngineMeshes/Sphere.uasset" 101
"../../../Engine/Content/EngineResources/Black.uasset" 102
"../../../Engine/Content/EngineResources/DefaultTexture.uasset" 103
"../../../Engine/Content/EngineResources/DefaultTextureCube.uasset" 104
"../../../Engine/Content/EngineResources/DefaultVolumeTexture2D.uasset" 105
"../../../Engine/Content/EngineResources/DefaultVolumeTexture.uasset" 106
"../../../Engine/Content/EngineResources/GradientTexture0.uasset" 107
"../../../Engine/Content/EngineSounds/Master.uasset" 108
"../../../Engine/Content/Functions/Engine_MaterialFunctions01/Shading/ConvertFromDiffSpec.uasset" 109
"../../../Engine/Content/Functions/Engine_MaterialFunctions01/Shading/PowerToRoughness.uasset" 110
"../../../Engine/Content/Maps/Templates/Thumbnails/Default.uasset" 111
"../../../Engine/Content/Maps/Templates/Thumbnails/TimeOfDay.uasset" 112
"../../../Engine/Content/Maps/Templates/Thumbnails/VR-Basic.uasset" 113
"../../../Engine/Content/MobileResources/T_MobileControls_texture.uasset" 114
"../../../Engine/Content/MobileResources/T_MobileMenu2.uasset" 115
"../../../Engine/Content/MobileResources/HUD/AnalogHat.uasset" 116
"../../../Engine/Content/MobileResources/HUD/VirtualJoystick_Background.uasset" 117
"../../../Engine/Content/MobileResources/HUD/VirtualJoystick_Thumb.uasset" 118
"../../../Engine/Content/MobileResources/HUD/DefaultVirtualJoysticks.uasset" 119
"../../../Engine/Content/MobileResources/HUD/LeftVirtualJoystickOnly.uasset" 120
"../../../Engine/Content/MobileResources/HUD/MobileHUDButton1_off.uasset" 121
"../../../Engine/Content/MobileResources/HUD/MobileHUDButton1_on.uasset" 122
"../../../Engine/Content/MobileResources/HUD/MobileHUDButton2_off.uasset" 123
"../../../Engine/Content/MobileResources/HUD/MobileHUDButton2_on.uasset" 124
"../../../Engine/Content/MobileResources/HUD/MobileHUDButton3.uasset" 125
"../../../Engine/Content/MobileResources/HUD/MobileHUDButtonFire.uasset" 126
"../../../Engine/Content/MobileResources/HUD/MobileHUDDirectionPad.uasset" 127
"../../../Engine/Content/MobileResources/HUD/MobileHUDDirectionPad2.uasset" 128
"../../../Engine/Content/MobileResources/HUD/MobileHUDDirectionPad3.uasset" 129
"../../../Engine/Content/MobileResources/HUD/MobileHUDDirectionStick.uasset" 130
"../../../Engine/Content/MobileResources/HUD/T_Castle_ThumbstickInner.uasset" 131
"../../../Engine/Content/MobileResources/HUD/T_Castle_ThumbstickOutter.uasset" 132
"../../../Engine/Content/Tutorial/ContentIntroCurve.uasset" 133
"../../../Engine/Content/Tutorial/Basics/LevelEditorAttract.uasset" 134
"../../../Engine/Content/Tutorial/Basics/TutorialAssets/icon_tab_Levels_40x.uasset" 135
"../../../Engine/Content/Tutorial/Basics/LevelEditorOverview.uasset" 136
"../../../Engine/Content/Tutorial/BlueprintTutorials/TutorialAssets/Blueprint_64x.uasset" 137
"../../../Engine/Content/Tutorial/BlueprintTutorials/BlueprintEditorTutorial.uasset" 138
"../../../Engine/Content/Tutorial/Landscape/TutorialAssets/Landscape.uasset" 139
"../../../Engine/Content/Tutorial/Landscape/LandscapeWalkThrough.uasset" 140
"../../../Engine/Content/Tutorial/Landscape/Landscape_Manage_Mode.uasset" 141
"../../../Engine/Content/EditorBlueprintResources/StandardMacros.uasset" 142
"../../../Engine/Content/Tutorial/Landscape/Landscape_Painting_Mode.uasset" 143
"../../../Engine/Content/Tutorial/Landscape/Landscape_Sculpt_Mode.uasset" 144
"../../../Engine/Content/VREditor/LaserPointer/VR_LaserPower_01.uasset" 145
"../../../Engine/Content/VREditor/TransformGizmo/TransformGizmoMaterial.uasset" 146
"../../../Engine/Content/VREditor/TransformGizmo/TranslucentTransformGizmoMaterial.uasset" 147
"../../../Engine/Content/VREditor/TransformGizmo/BoundingBoxCorner.uasset" 148
"../../../Engine/Content/VREditor/TransformGizmo/BoundingBoxEdge.uasset" 149
"../../../Engine/Content/VREditor/TransformGizmo/PlaneTranslationHandle.uasset" 150
"../../../Engine/Content/VREditor/TransformGizmo/Main.uasset" 151
"../../../Engine/Content/VREditor/TransformGizmo/Xray.uasset" 152
"../../../Engine/Content/VREditor/TransformGizmo/SM_Sequencer_Key.uasset" 153
"../../../Engine/Content/VREditor/TransformGizmo/SM_Sequencer_Node.uasset" 154
"../../Plugins/2D/Paper2D/Content/PlaceholderTextures/DummySpriteTexture.uasset" 155
"../../Plugins/2D/Paper2D/Content/DummySprite.uasset" 156
"../../Plugins/2D/Paper2D/Content/DefaultPaperTerrainMaterial.uasset" 157
"../../Plugins/2D/Paper2D/Content/DefaultSpriteMaterial.uasset" 158
"../../Plugins/2D/Paper2D/Content/MaskedUnlitSpriteMaterial.uasset" 159
"../../Plugins/2D/Paper2D/Content/OpaqueUnlitSpriteMaterial.uasset" 160
"../../Plugins/FX/Niagara/Content/Enums/ENiagaraBooleanLogicOps.uasset" 161
"../../Plugins/FX/Niagara/Content/Enums/ENiagaraCoordinateSpace.uasset" 162
"../../Plugins/FX/Niagara/Content/Enums/ENiagaraExpansionMode.uasset" 163
"../../Plugins/FX/Niagara/Content/Enums/ENiagaraOrientationAxis.uasset" 164
"../../Plugins/FX/Niagara/Content/Enums/ENiagaraRandomnessMode.uasset" 165
"../../../Engine/Content/Functions/Engine_MaterialFunctions02/Utility/BreakOutFloat4Components.uasset" 166
"../../../Engine/Content/Functions/Engine_MaterialFunctions02/Utility/MakeFloat2.uasset" 167
"../../../Engine/Content/Functions/Engine_MaterialFunctions02/Utility/MakeFloat3.uasset" 168
"../../Plugins/Runtime/Oculus/OculusVR/Content/Materials/OculusMR_ChromaKey.uasset" 169
"../../Plugins/Runtime/Oculus/OculusVR/Content/Materials/OculusMR_ChromaKey_Lit.uasset" 170
"../../Plugins/Runtime/Oculus/OculusVR/Content/Materials/OculusMR_OpaqueColoredMaterial.uasset" 171
"../../Plugins/Runtime/Oculus/OculusVR/Content/Materials/OculusMR_WhiteMaterial.uasset" 172
"../../../../../../Users/leonl/Documents/Unreal Projects/Foddian/Content/Assets/Meshes/froggie_texture.uasset" 173
"../../../../../../Users/leonl/Documents/Unreal Projects/Foddian/Content/Assets/Meshes/m_0.uasset" 174
"../../../../../../Users/leonl/Documents/Unreal Projects/Foddian/Content/Assets/Meshes/froggie_Skeleton.uasset" 175
"../../../../../../Users/leonl/Documents/Unreal Projects/Foddian/Content/Assets/Meshes/froggie.uasset" 176
"../../../../../../Users/leonl/Documents/Unreal Projects/Foddian/Content/Assets/Meshes/froggie_jump.uasset" 177
"../../../../../../Users/leonl/Documents/Unreal Projects/Foddian/Content/Assets/Meshes/MilkBrick/milktexture.uasset" 178
"../../../../../../Users/leonl/Documents/Unreal Projects/Foddian/Content/Assets/Meshes/MilkBrick/m_0.uasset" 179
"../../../../../../Users/leonl/Documents/Unreal Projects/Foddian/Content/Assets/Meshes/MilkBrick/milk.uasset" 180
"../../../../../../Users/leonl/Documents/Unreal Projects/Foddian/Content/Blueprints/SC_Music.uasset" 181
"../../../../../../Users/leonl/Documents/Unreal Projects/Foddian/Content/Assets/Music/chill_beats_to_hop_and_eat_bug_to.uasset" 182
"../../../../../../Users/leonl/Documents/Unreal Projects/Foddian/Content/Blueprints/PM_BouncePhysics.uasset" 183
"../../../../../../Users/leonl/Documents/Unreal Projects/Foddian/Content/Blueprints/SCM_Music.uasset" 184
"../../../../../../Users/leonl/Documents/Unreal Projects/Foddian/Content/Blueprints/W_GameMenu.uasset" 185
"../../../../../../Users/leonl/Documents/Unreal Projects/Foddian/Content/Blueprints/W_MainMenu.uasset" 186
"../../../../../../Users/leonl/Documents/Unreal Projects/Foddian/Content/Blueprints/W_TipMenu.uasset" 187
"../../../../../../Users/leonl/Documents/Unreal Projects/Foddian/Content/Blueprints/BP_Player.uasset" 188
"../../../../../../Users/leonl/Documents/Unreal Projects/Foddian/Content/Blueprints/BP_TriggerEnding.uasset" 189
"../../../../../../Users/leonl/Documents/Unreal Projects/Foddian/Content/Blueprints/BP_TriggerStore.uasset" 190
"../../../Engine/Content/EngineSky/C_Sky_Cloud_Color.uasset" 191
"../../../Engine/Content/EngineSky/C_Sky_Horizon_Color.uasset" 192
"../../../Engine/Content/EngineSky/C_Sky_Zenith_Color.uasset" 193
"../../../Engine/Content/EngineSky/T_Sky_Blue.uasset" 194
"../../../Engine/Content/EngineSky/T_Sky_Clouds_M.uasset" 195
"../../../Engine/Content/EngineSky/T_Sky_Stars.uasset" 196
"../../../Engine/Content/EngineSky/M_Sky_Panning_Clouds2.uasset" 197
"../../../Engine/Content/EngineSky/SM_SkySphere.uasset" 198
"../../../Engine/Content/EngineSky/BP_Sky_Sphere.uasset" 199
"../../../../../../Users/leonl/Documents/Unreal Projects/Foddian/Content/Assets/BP_RopeENd.uasset" 200
"../../../../../../Users/leonl/Documents/Unreal Projects/Foddian/Content/Assets/Meshes/froggie_texture2.uasset" 201
"../../../../../../Users/leonl/Documents/Unreal Projects/Foddian/Content/Assets/Meshes/m_1.uasset" 202
"../../../../../../Users/leonl/Documents/Unreal Projects/Foddian/Content/Assets/Meshes/fhat1.uasset" 203
"../../../../../../Users/leonl/Documents/Unreal Projects/Foddian/Content/Blueprints/BP_FHat1.uasset" 204
"../../../../../../Users/leonl/Documents/Unreal Projects/Foddian/Content/Blueprints/BP_GMBaseGame.uasset" 205
"../../../../../../Users/leonl/Documents/Unreal Projects/Foddian/Content/Assets/Meshes/Foliage/M_Foliage.uasset" 206
"../../../../../../Users/leonl/Documents/Unreal Projects/Foddian/Content/Assets/Meshes/Foliage/grass.uasset" 207
"../../../../../../Users/leonl/Documents/Unreal Projects/Foddian/Content/Assets/Meshes/Foliage/F_Grass1.uasset" 208
"../../../../../../Users/leonl/Documents/Unreal Projects/Foddian/Content/Assets/Meshes/Foliage/grassLarge.uasset" 209
"../../../../../../Users/leonl/Documents/Unreal Projects/Foddian/Content/Assets/Meshes/Foliage/F_Grass2.uasset" 210
"../../../../../../Users/leonl/Documents/Unreal Projects/Foddian/Content/Assets/Meshes/Foliage/grass_large.uasset" 211
"../../../../../../Users/leonl/Documents/Unreal Projects/Foddian/Content/Assets/Meshes/Foliage/F_Grass3.uasset" 212
"../../../../../../Users/leonl/Documents/Unreal Projects/Foddian/Content/Assets/Meshes/Foliage/grass_leafs.uasset" 213
"../../../../../../Users/leonl/Documents/Unreal Projects/Foddian/Content/Assets/Meshes/Foliage/F_Grass4.uasset" 214
"../../../../../../Users/leonl/Documents/Unreal Projects/Foddian/Content/Assets/Meshes/Tree1/leafsGreen.uasset" 215
"../../../../../../Users/leonl/Documents/Unreal Projects/Foddian/Content/Assets/Meshes/Tree1/woodBark.uasset" 216
"../../../../../../Users/leonl/Documents/Unreal Projects/Foddian/Content/Assets/Meshes/Tree1/tree_cone.uasset" 217
"../../../../../../Users/leonl/Documents/Unreal Projects/Foddian/Content/Assets/Meshes/Tree1/F_Tree1.uasset" 218
"../../../../../../Users/leonl/Documents/Unreal Projects/Foddian/Content/Assets/Meshes/Tree1/_defaultMat.uasset" 219
"../../../../../../Users/leonl/Documents/Unreal Projects/Foddian/Content/Assets/Meshes/Tree1/tree_detailed.uasset" 220
"../../../../../../Users/leonl/Documents/Unreal Projects/Foddian/Content/Assets/Meshes/Tree1/F_Tree2.uasset" 221
"../../../../../../Users/leonl/Documents/Unreal Projects/Foddian/Content/Assets/Meshes/Tree1/leafsDark.uasset" 222
"../../../../../../Users/leonl/Documents/Unreal Projects/Foddian/Content/Assets/Meshes/Tree1/woodBarkDark.uasset" 223
"../../../../../../Users/leonl/Documents/Unreal Projects/Foddian/Content/Assets/Meshes/Tree1/tree_pineDefaultB.uasset" 224
"../../../../../../Users/leonl/Documents/Unreal Projects/Foddian/Content/Assets/Meshes/Tree1/F_Tree3.uasset" 225
"../../../../../../Users/leonl/Documents/Unreal Projects/Foddian/Content/Assets/Meshes/Tree1/tree_pineGroundA.uasset" 226
"../../../../../../Users/leonl/Documents/Unreal Projects/Foddian/Content/Assets/Meshes/Tree1/F_Tree4.uasset" 227
"../../../../../../Users/leonl/Documents/Unreal Projects/Foddian/Content/Assets/Meshes/Tree1/tree_pineGroundB.uasset" 228
"../../../../../../Users/leonl/Documents/Unreal Projects/Foddian/Content/Assets/Meshes/Tree1/F_Tree5.uasset" 229
"../../../../../../Users/leonl/Documents/Unreal Projects/Foddian/Content/Maps/WorldMap_sharedassets/Dirt_LayerInfo.uasset" 230
"../../../../../../Users/leonl/Documents/Unreal Projects/Foddian/Content/Maps/WorldMap_sharedassets/Grass_LayerInfo.uasset" 231
"../../../../../../Users/leonl/Documents/Unreal Projects/Foddian/Content/Maps/WorldMap_BuiltData.uasset" 232
"../../../../../../Users/leonl/Documents/Unreal Projects/Foddian/Content/Assets/Meshes/Foliage/M_Grass.uasset" 233
"../../../Engine/Content/EngineMaterials/WeightMapPlaceholderTexture.uasset" 234
"../../../../../../Users/leonl/Documents/Unreal Projects/Foddian/Content/Assets/Meshes/Foliage/M_Grass1.uasset" 235
"../../../../../../Users/leonl/Documents/Unreal Projects/Foddian/Content/Assets/Meshes/Structures/wood.uasset" 236
"../../../../../../Users/leonl/Documents/Unreal Projects/Foddian/Content/Assets/Meshes/Structures/woodDark.uasset" 237
"../../../Engine/Content/EngineMaterials/DefaultPhysicalMaterial.uasset" 238
"../../../../../../Users/leonl/Documents/Unreal Projects/Foddian/Content/Assets/Meshes/House/fhousetexture.uasset" 239
"../../../../../../Users/leonl/Documents/Unreal Projects/Foddian/Content/Assets/Meshes/House/m_0.uasset" 240
"../../../../../../Users/leonl/Documents/Unreal Projects/Foddian/Content/Assets/Meshes/House/frhouse.uasset" 241
"../../../../../../Users/leonl/Documents/Unreal Projects/Foddian/Content/Assets/Meshes/House/LemonBar/lemonbartexture.uasset" 242
"../../../../../../Users/leonl/Documents/Unreal Projects/Foddian/Content/Assets/Meshes/House/LemonBar/m_0.uasset" 243
"../../../../../../Users/leonl/Documents/Unreal Projects/Foddian/Content/Assets/Meshes/House/LemonBar/milktexture.uasset" 244
"../../../../../../Users/leonl/Documents/Unreal Projects/Foddian/Content/Assets/Meshes/House/LemonBar/m_1.uasset" 245
"../../../../../../Users/leonl/Documents/Unreal Projects/Foddian/Content/Assets/Meshes/House/LemonBar/shelvestexture.uasset" 246
"../../../../../../Users/leonl/Documents/Unreal Projects/Foddian/Content/Assets/Meshes/House/LemonBar/m_2.uasset" 247
"../../../../../../Users/leonl/Documents/Unreal Projects/Foddian/Content/Assets/Meshes/House/LemonBar/rooftexture.uasset" 248
"../../../../../../Users/leonl/Documents/Unreal Projects/Foddian/Content/Assets/Meshes/House/LemonBar/m_3.uasset" 249
"../../../../../../Users/leonl/Documents/Unreal Projects/Foddian/Content/Assets/Meshes/House/LemonBar/signtexture.uasset" 250
"../../../../../../Users/leonl/Documents/Unreal Projects/Foddian/Content/Assets/Meshes/House/LemonBar/m_4.uasset" 251
"../../../../../../Users/leonl/Documents/Unreal Projects/Foddian/Content/Assets/Meshes/House/LemonBar/lemonbar.uasset" 252
"../../../../../../Users/leonl/Documents/Unreal Projects/Foddian/Content/Assets/Meshes/Rocks/dirt.uasset" 253
"../../../../../../Users/leonl/Documents/Unreal Projects/Foddian/Content/Assets/Meshes/Rocks/grass.uasset" 254
"../../../../../../Users/leonl/Documents/Unreal Projects/Foddian/Content/Assets/Meshes/Rocks/rock_largeA.uasset" 255
"../../../../../../Users/leonl/Documents/Unreal Projects/Foddian/Content/Assets/Meshes/Rocks/_defaultMat.uasset" 256
"../../../../../../Users/leonl/Documents/Unreal Projects/Foddian/Content/Assets/Meshes/Rocks/rock_largeB.uasset" 257
"../../../../../../Users/leonl/Documents/Unreal Projects/Foddian/Content/Assets/Meshes/Rocks/rock_largeC.uasset" 258
"../../../../../../Users/leonl/Documents/Unreal Projects/Foddian/Content/Assets/Meshes/Rocks/rock_largeD.uasset" 259
"../../../../../../Users/leonl/Documents/Unreal Projects/Foddian/Content/Assets/Meshes/Rocks/rock_largeE.uasset" 260
"../../../../../../Users/leonl/Documents/Unreal Projects/Foddian/Content/Assets/Meshes/Rocks/rock_largeF.uasset" 261
"../../../../../../Users/leonl/Documents/Unreal Projects/Foddian/Content/Assets/Meshes/Rocks/rock.uasset" 262
"../../../../../../Users/leonl/Documents/Unreal Projects/Foddian/Content/Assets/Meshes/Rocks/rock_tallA.uasset" 263
"../../../../../../Users/leonl/Documents/Unreal Projects/Foddian/Content/Assets/Meshes/Rocks/rock_tallB.uasset" 264
"../../../../../../Users/leonl/Documents/Unreal Projects/Foddian/Content/Assets/Meshes/Rocks/rock_tallE.uasset" 265
"../../../../../../Users/leonl/Documents/Unreal Projects/Foddian/Content/Assets/Meshes/Rocks/rock_tallF.uasset" 266
"../../../../../../Users/leonl/Documents/Unreal Projects/Foddian/Content/Assets/Meshes/Rocks/rock_tallG.uasset" 267
"../../../../../../Users/leonl/Documents/Unreal Projects/Foddian/Content/Assets/Meshes/Rocks/rockA.uasset" 268
"../../../../../../Users/leonl/Documents/Unreal Projects/Foddian/Content/Assets/Meshes/Rocks/rockB.uasset" 269
"../../../../../../Users/leonl/Documents/Unreal Projects/Foddian/Content/Assets/Meshes/Rocks/rockC.uasset" 270
"../../../../../../Users/leonl/Documents/Unreal Projects/Foddian/Content/Assets/Meshes/Structures/campfire_logs.uasset" 271
"../../../../../../Users/leonl/Documents/Unreal Projects/Foddian/Content/Assets/Meshes/Structures/stone.uasset" 272
"../../../../../../Users/leonl/Documents/Unreal Projects/Foddian/Content/Assets/Meshes/Structures/campfire_stones.uasset" 273
"../../../../../../Users/leonl/Documents/Unreal Projects/Foddian/Content/Assets/Meshes/Structures/fence.uasset" 274
"../../../../../../Users/leonl/Documents/Unreal Projects/Foddian/Content/Assets/Meshes/Structures/fenceFortified.uasset" 275
"../../../../../../Users/leonl/Documents/Unreal Projects/Foddian/Content/Assets/Meshes/Structures/floor.uasset" 276
"../../../../../../Users/leonl/Documents/Unreal Projects/Foddian/Content/Assets/Meshes/Structures/log.uasset" 277
"../../../../../../Users/leonl/Documents/Unreal Projects/Foddian/Content/Assets/Meshes/Structures/log_stackLarge.uasset" 278
"../../../../../../Users/leonl/Documents/Unreal Projects/Foddian/Content/Assets/Meshes/Structures/path_wood.uasset" 279
"../../../../../../Users/leonl/Documents/Unreal Projects/Foddian/Content/Assets/Meshes/Structures/structure.uasset" 280
"../../../../../../Users/leonl/Documents/Unreal Projects/Foddian/Content/Assets/Meshes/Structures/structureBase.uasset" 281
"../../../../../../Users/leonl/Documents/Unreal Projects/Foddian/Content/Assets/Meshes/Structures/structureRoof.uasset" 282
"../../../../../../Users/leonl/Documents/Unreal Projects/Foddian/Content/Assets/Particles/StarterContent/Textures/T_Dust_Particle_D.uasset" 283
"../../../../../../Users/leonl/Documents/Unreal Projects/Foddian/Content/Assets/Particles/StarterContent/Particles/Materials/M_Dust_Particle.uasset" 284
"../../../../../../Users/leonl/Documents/Unreal Projects/Foddian/Content/Assets/Particles/StarterContent/Particles/P_Ambient_Dust.uasset" 285
"../../../../../../Users/leonl/Documents/Unreal Projects/Foddian/Content/Assets/Particles/StarterContent/Textures/T_Smoke_SubUV.uasset" 286
"../../../../../../Users/leonl/Documents/Unreal Projects/Foddian/Content/Assets/Particles/StarterContent/Textures/T_Smoke_Tiled_D.uasset" 287
"../../../../../../Users/leonl/Documents/Unreal Projects/Foddian/Content/Assets/Particles/StarterContent/Particles/Materials/M_smoke_subUV.uasset" 288
"../../../../../../Users/leonl/Documents/Unreal Projects/Foddian/Content/Assets/Particles/StarterContent/Particles/P_Smoke.uasset" 289
"../../../../../../Users/leonl/Documents/Unreal Projects/Foddian/Content/Geometry/Meshes/CubeMaterial.uasset" 290
"../../../../../../Users/leonl/Documents/Unreal Projects/Foddian/Content/Geometry/Meshes/1M_Cube.uasset" 291
"../../../../../../Users/leonl/Documents/Unreal Projects/Foddian/Content/StarterContent/Textures/T_Fire_SubUV.uasset" 292
"../../../../../../Users/leonl/Documents/Unreal Projects/Foddian/Content/StarterContent/Textures/T_Fire_Tiled_D.uasset" 293
"../../../../../../Users/leonl/Documents/Unreal Projects/Foddian/Content/StarterContent/Particles/Materials/M_Fire_SubUV.uasset" 294
"../../../../../../Users/leonl/Documents/Unreal Projects/Foddian/Content/StarterContent/Textures/T_Water_N.uasset" 295
"../../../../../../Users/leonl/Documents/Unreal Projects/Foddian/Content/StarterContent/Particles/Materials/M_Heat_Distortion.uasset" 296
"../../../Engine/Content/Functions/Engine_MaterialFunctions01/Gradient/RadialGradient.uasset" 297
"../../../../../../Users/leonl/Documents/Unreal Projects/Foddian/Content/StarterContent/Particles/Materials/M_Radial_Gradient.uasset" 298
"../../../../../../Users/leonl/Documents/Unreal Projects/Foddian/Content/StarterContent/Textures/T_Smoke_SubUV.uasset" 299
"../../../../../../Users/leonl/Documents/Unreal Projects/Foddian/Content/StarterContent/Textures/T_Smoke_Tiled_D.uasset" 300
"../../../../../../Users/leonl/Documents/Unreal Projects/Foddian/Content/StarterContent/Particles/Materials/M_smoke_subUV.uasset" 301
"../../../../../../Users/leonl/Documents/Unreal Projects/Foddian/Content/StarterContent/Particles/P_Fire.uasset" 302
"../../../../../../Users/leonl/Documents/Unreal Projects/Foddian/Content/Maps/WorldMap.umap" 303
"../../../Engine/Content/Maps/Entry_BuiltData.uasset" 304
"../../../Engine/Content/Maps/Entry.umap" 305
